<?xml version="1.0" encoding="UTF-8" ?>
<testsuite failures="0" time="0" errors="0" skipped="0" tests="0" name="org.summercool.hsf.test.listener.TestChannelListener">
  <properties>
    <property name="java.runtime.name" value="Java(TM) SE Runtime Environment"/>
    <property name="sun.boot.library.path" value="C:\Program Files\Java\jdk1.6.0_25\jre\bin"/>
    <property name="java.vm.version" value="20.0-b11"/>
    <property name="java.vm.vendor" value="Sun Microsystems Inc."/>
    <property name="java.vendor.url" value="http://java.sun.com/"/>
    <property name="path.separator" value=";"/>
    <property name="java.vm.name" value="Java HotSpot(TM) Client VM"/>
    <property name="file.encoding.pkg" value="sun.io"/>
    <property name="user.country" value="CN"/>
    <property name="sun.java.launcher" value="SUN_STANDARD"/>
    <property name="sun.os.patch.level" value="Service Pack 1"/>
    <property name="java.vm.specification.name" value="Java Virtual Machine Specification"/>
    <property name="user.dir" value="E:\dev\gexin\platform\toolsprojects\summercool\summercool-hsf\trunk"/>
    <property name="java.runtime.version" value="1.6.0_25-b06"/>
    <property name="java.awt.graphicsenv" value="sun.awt.Win32GraphicsEnvironment"/>
    <property name="basedir" value="E:\dev\gexin\platform\toolsprojects\summercool\summercool-hsf\trunk"/>
    <property name="java.endorsed.dirs" value="C:\Program Files\Java\jdk1.6.0_25\jre\lib\endorsed"/>
    <property name="os.arch" value="x86"/>
    <property name="surefire.real.class.path" value="C:\Users\ADMINI~1.PC-\AppData\Local\Temp\surefirebooter4337766614354733873.jar"/>
    <property name="java.io.tmpdir" value="C:\Users\ADMINI~1.PC-\AppData\Local\Temp\"/>
    <property name="line.separator" value="
"/>
    <property name="java.vm.specification.vendor" value="Sun Microsystems Inc."/>
    <property name="user.variant" value=""/>
    <property name="os.name" value="Windows 7"/>
    <property name="sun.jnu.encoding" value="GBK"/>
    <property name="java.library.path" value="C:\Program Files\Java\jdk1.6.0_25\jre\bin;.;C:\windows\Sun\Java\bin;C:\windows\system32;C:\windows;C:/Program Files/Java/jdk1.6.0_25/bin/../jre/bin/client;C:/Program Files/Java/jdk1.6.0_25/bin/../jre/bin;C:/Program Files/Java/jdk1.6.0_25/bin/../jre/lib/i386;C:\Program Files\Common Files\Microsoft Shared\Windows Live;C:\Program Files\Java\jdk1.6.0_25\bin;E:\dev\gexin\platform\maven2.2.1\bin;C:\windows\system32;C:\windows;C:\windows\System32\Wbem;C:\windows\System32\WindowsPowerShell\v1.0\;C:\Program Files\Common Files\Thunder Network\KanKan\Codecs;C:\Program Files\TortoiseSVN\bin;C:\Program Files\Microsoft SQL Server\100\Tools\Binn\;C:\Program Files\Microsoft SQL Server\100\DTS\Binn\;C:\Program Files\Windows Live\Shared;C:\strawberry\c\bin;C:\strawberry\perl\bin;C:\Program Files\Java\jdk1.6.0_25\bin;E:\dev\gexin\platform\maven2.2.1\bin;D:\Program Files\php5;C:\Program Files\MySQL\MySQL Server 5.5\bin\;E:\dev\gexin\platform\eclipse\sts-2.7.0.RELEASE;"/>
    <property name="surefire.test.class.path" value="E:\dev\gexin\platform\toolsprojects\summercool\summercool-hsf\trunk\target\test-classes;E:\dev\gexin\platform\toolsprojects\summercool\summercool-hsf\trunk\target\classes;E:\dev\gexin\platform\maven2.2.1\repository\org\slf4j\slf4j-api\1.6.1\slf4j-api-1.6.1.jar;E:\dev\gexin\platform\maven2.2.1\repository\ch\qos\logback\logback-core\0.9.29\logback-core-0.9.29.jar;E:\dev\gexin\platform\maven2.2.1\repository\ch\qos\logback\logback-classic\0.9.29\logback-classic-0.9.29.jar;E:\dev\gexin\platform\maven2.2.1\repository\org\jboss\netty\netty\3.2.6.Final\netty-3.2.6.Final.jar;E:\dev\gexin\platform\maven2.2.1\repository\com\googlecode\kryo\1.04\kryo-1.04.jar;E:\dev\gexin\platform\maven2.2.1\repository\asm\asm\3.2\asm-3.2.jar;E:\dev\gexin\platform\maven2.2.1\repository\com\googlecode\reflectasm\1.01\reflectasm-1.01.jar;E:\dev\gexin\platform\maven2.2.1\repository\com\googlecode\minlog\1.2\minlog-1.2.jar;E:\dev\gexin\platform\maven2.2.1\repository\commons-lang\commons-lang\2.5\commons-lang-2.5.jar;E:\dev\gexin\platform\maven2.2.1\repository\org\springframework\spring-beans\3.0.5.RELEASE\spring-beans-3.0.5.RELEASE.jar;E:\dev\gexin\platform\maven2.2.1\repository\org\springframework\spring-core\3.0.5.RELEASE\spring-core-3.0.5.RELEASE.jar;E:\dev\gexin\platform\maven2.2.1\repository\org\springframework\spring-asm\3.0.5.RELEASE\spring-asm-3.0.5.RELEASE.jar;E:\dev\gexin\platform\maven2.2.1\repository\commons-logging\commons-logging\1.1.1\commons-logging-1.1.1.jar;"/>
    <property name="java.specification.name" value="Java Platform API Specification"/>
    <property name="java.class.version" value="50.0"/>
    <property name="sun.management.compiler" value="HotSpot Client Compiler"/>
    <property name="os.version" value="6.1"/>
    <property name="user.home" value="C:\Users\Administrator.PC-20110801LBXQ"/>
    <property name="user.timezone" value=""/>
    <property name="java.awt.printerjob" value="sun.awt.windows.WPrinterJob"/>
    <property name="java.specification.version" value="1.6"/>
    <property name="file.encoding" value="GBK"/>
    <property name="user.name" value="Administrator"/>
    <property name="java.class.path" value="E:\dev\gexin\platform\toolsprojects\summercool\summercool-hsf\trunk\target\test-classes;E:\dev\gexin\platform\toolsprojects\summercool\summercool-hsf\trunk\target\classes;E:\dev\gexin\platform\maven2.2.1\repository\org\slf4j\slf4j-api\1.6.1\slf4j-api-1.6.1.jar;E:\dev\gexin\platform\maven2.2.1\repository\ch\qos\logback\logback-core\0.9.29\logback-core-0.9.29.jar;E:\dev\gexin\platform\maven2.2.1\repository\ch\qos\logback\logback-classic\0.9.29\logback-classic-0.9.29.jar;E:\dev\gexin\platform\maven2.2.1\repository\org\jboss\netty\netty\3.2.6.Final\netty-3.2.6.Final.jar;E:\dev\gexin\platform\maven2.2.1\repository\com\googlecode\kryo\1.04\kryo-1.04.jar;E:\dev\gexin\platform\maven2.2.1\repository\asm\asm\3.2\asm-3.2.jar;E:\dev\gexin\platform\maven2.2.1\repository\com\googlecode\reflectasm\1.01\reflectasm-1.01.jar;E:\dev\gexin\platform\maven2.2.1\repository\com\googlecode\minlog\1.2\minlog-1.2.jar;E:\dev\gexin\platform\maven2.2.1\repository\commons-lang\commons-lang\2.5\commons-lang-2.5.jar;E:\dev\gexin\platform\maven2.2.1\repository\org\springframework\spring-beans\3.0.5.RELEASE\spring-beans-3.0.5.RELEASE.jar;E:\dev\gexin\platform\maven2.2.1\repository\org\springframework\spring-core\3.0.5.RELEASE\spring-core-3.0.5.RELEASE.jar;E:\dev\gexin\platform\maven2.2.1\repository\org\springframework\spring-asm\3.0.5.RELEASE\spring-asm-3.0.5.RELEASE.jar;E:\dev\gexin\platform\maven2.2.1\repository\commons-logging\commons-logging\1.1.1\commons-logging-1.1.1.jar;"/>
    <property name="java.vm.specification.version" value="1.0"/>
    <property name="sun.arch.data.model" value="32"/>
    <property name="java.home" value="C:\Program Files\Java\jdk1.6.0_25\jre"/>
    <property name="sun.java.command" value="C:\Users\ADMINI~1.PC-\AppData\Local\Temp\surefirebooter4337766614354733873.jar C:\Users\ADMINI~1.PC-\AppData\Local\Temp\surefire172842805818268316tmp C:\Users\ADMINI~1.PC-\AppData\Local\Temp\surefire3271097327187230015tmp"/>
    <property name="java.specification.vendor" value="Sun Microsystems Inc."/>
    <property name="user.language" value="zh"/>
    <property name="awt.toolkit" value="sun.awt.windows.WToolkit"/>
    <property name="java.vm.info" value="mixed mode"/>
    <property name="java.version" value="1.6.0_25"/>
    <property name="java.ext.dirs" value="C:\Program Files\Java\jdk1.6.0_25\jre\lib\ext;C:\windows\Sun\Java\lib\ext"/>
    <property name="sun.boot.class.path" value="C:\Program Files\Java\jdk1.6.0_25\jre\lib\resources.jar;C:\Program Files\Java\jdk1.6.0_25\jre\lib\rt.jar;C:\Program Files\Java\jdk1.6.0_25\jre\lib\sunrsasign.jar;C:\Program Files\Java\jdk1.6.0_25\jre\lib\jsse.jar;C:\Program Files\Java\jdk1.6.0_25\jre\lib\jce.jar;C:\Program Files\Java\jdk1.6.0_25\jre\lib\charsets.jar;C:\Program Files\Java\jdk1.6.0_25\jre\lib\modules\jdk.boot.jar;C:\Program Files\Java\jdk1.6.0_25\jre\classes"/>
    <property name="java.vendor" value="Sun Microsystems Inc."/>
    <property name="localRepository" value="E:/dev/gexin/platform/maven2.2.1/repository"/>
    <property name="file.separator" value="\"/>
    <property name="java.vendor.url.bug" value="http://java.sun.com/cgi-bin/bugreport.cgi"/>
    <property name="sun.cpu.endian" value="little"/>
    <property name="sun.io.unicode.encoding" value="UnicodeLittle"/>
    <property name="sun.desktop" value="windows"/>
    <property name="sun.cpu.isalist" value="pentium_pro+mmx pentium_pro pentium+mmx pentium i486 i386 i86"/>
  </properties>
</testsuite>